# Server version 0.08 running on 192.168.1.6:8123
# Game ID: 289
# Board class: bohnenspiel.BohnenspielBoard
# Timeout: 3000
# First Move Timeout: 30000
# Date: Mon Mar 27 00:57:28 EDT 2017
# Player 1: Player-0, '260567881', running on 192.168.1.6
# Player 2: Player-1, 'GreedyPlayer', running on 192.168.1.6
START Player-0 260567881
START Player-1 GreedyPlayer
PIT 0 1
PIT 1 0
PIT 0 0
PIT 1 5
PIT 0 4
PIT 1 4
PIT 0 3
PIT 1 4
PIT 0 4
PIT 1 1
PIT 0 2
PIT 1 2
PIT 0 3
PIT 1 4
PIT 0 0
PIT 1 3
PIT 0 2
PIT 1 0
PIT 0 0
PIT 1 2
PIT 1 4
PIT 0 5
PIT 0 0
PIT 0 2
GAMEOVER WINNER 0         Player-0 score: 54  Player-1 score: 18
# Game ended: Mon Mar 27 00:57:32 EDT 2017
